<?xml version="1.0" encoding="UTF-8"?>
<!-- Generated by org.testng.reporters.JUnitReportReporter -->
<testsuite name="com.TestCases.RestAssured.TestCase1" tests="2" time="7.096" ignored="0" failures="0" timestamp="26 Jul 2018 16:22:39 GMT" skipped="0" hostname="LAPTOP-5FDQPO6H" errors="0">
  <testcase name="test01" time="6.394" classname="com.TestCases.RestAssured.TestCase1"/>
  <testcase name="test07" time="0.702" classname="com.TestCases.RestAssured.TestCase1"/>
</testsuite> <!-- com.TestCases.RestAssured.TestCase1 -->
