<?xml version="1.0" encoding="UTF-8"?>
<!-- Generated by org.testng.reporters.JUnitReportReporter -->
<testsuite name="com.TestCases.SikuliTest" tests="1" time="17.320" ignored="0" failures="0" timestamp="18 Feb 2018 07:05:54 GMT" skipped="0" hostname="LAPTOP-5FDQPO6H" errors="0">
  <testcase name="SikuliTest" time="17.320" classname="com.TestCases.SikuliTest"/>
</testsuite> <!-- com.TestCases.SikuliTest -->
