<?xml version="1.0" encoding="UTF-8"?>
<!-- Generated by org.testng.reporters.JUnitReportReporter -->
<testsuite name="com.TestCases.RestAssured.TestCase1" tests="1" time="6.565" ignored="0" failures="0" timestamp="03 Mar 2018 06:15:07 GMT" skipped="0" hostname="LAPTOP-5FDQPO6H" errors="0">
  <testcase name="test07" time="6.565" classname="com.TestCases.RestAssured.TestCase1"/>
</testsuite> <!-- com.TestCases.RestAssured.TestCase1 -->
