<?xml version="1.0" encoding="UTF-8"?>
<!-- Generated by org.testng.reporters.JUnitReportReporter -->
<testsuite name="com.TestCases.SikuliTestDemo" tests="1" time="38.852" ignored="0" failures="0" timestamp="20 Feb 2018 03:50:33 GMT" skipped="0" hostname="LAPTOP-5FDQPO6H" errors="0">
  <testcase name="CickImg" time="38.852" classname="com.TestCases.SikuliTestDemo"/>
</testsuite> <!-- com.TestCases.SikuliTestDemo -->
