<?xml version="1.0" encoding="UTF-8"?>
<!-- Generated by org.testng.reporters.JUnitReportReporter -->
<testsuite name="com.TestCases.ExcelTest" tests="1" time="3.598" ignored="0" failures="0" timestamp="03 Jul 2018 02:15:23 GMT" skipped="0" hostname="LAPTOP-5FDQPO6H" errors="0">
  <testcase name="f" time="3.598" classname="com.TestCases.ExcelTest"/>
</testsuite> <!-- com.TestCases.ExcelTest -->
